<?xml version="1.0" encoding="UTF-8" ?>
<testsuite errors="0" failures="1" hostname="matilda.local" name="de.lamosoft.bosstest.FunctionCallsTest" skipped="0" tests="1" time="0.026" timestamp="2020-07-15T19:41:17">
  <properties>
    <property name="ant.project.invoked-targets" value="clean,test" />
    <property name="java.runtime.name" value="Java(TM) SE Runtime Environment" />
    <property name="sun.boot.library.path" value="/Users/lars/apps/jdk/oracle/jdk1.8.0_192.jdk/Contents/Home/jre/lib" />
    <property name="java.vm.version" value="25.192-b12" />
    <property name="ant.library.dir" value="/Users/lars/apps/ant/lib" />
    <property name="gopherProxySet" value="false" />
    <property name="ant.version" value="Apache Ant(TM) version 1.10.7 compiled on September 1 2019" />
    <property name="ant.java.version" value="1.8" />
    <property name="java.vm.vendor" value="Oracle Corporation" />
    <property name="java.vendor.url" value="http://java.oracle.com/" />
    <property name="path.separator" value=":" />
    <property name="java.vm.name" value="Java HotSpot(TM) 64-Bit Server VM" />
    <property name="file.encoding.pkg" value="sun.io" />
    <property name="user.country" value="DE" />
    <property name="sun.java.launcher" value="SUN_STANDARD" />
    <property name="sun.os.patch.level" value="unknown" />
    <property name="java.vm.specification.name" value="Java Virtual Machine Specification" />
    <property name="user.dir" value="/Users/lars/workspaces/main/bosstest" />
    <property name="java.runtime.version" value="1.8.0_192-b12" />
    <property name="java.awt.graphicsenv" value="sun.awt.CGraphicsEnvironment" />
    <property name="basedir" value="/Users/lars/workspaces/main/bosstest" />
    <property name="java.endorsed.dirs" value="/Users/lars/apps/jdk/oracle/jdk1.8.0_192.jdk/Contents/Home/jre/lib/endorsed" />
    <property name="os.arch" value="x86_64" />
    <property name="ant.project.default-target" value="help" />
    <property name="java.io.tmpdir" value="/var/folders/y6/j5978h9931jcbx4364h6hsk00000gn/T/" />
    <property name="ant.core.lib" value="/Users/lars/apps/ant/lib/ant.jar" />
    <property name="line.separator" value="&#xa;" />
    <property name="java.vm.specification.vendor" value="Oracle Corporation" />
    <property name="os.name" value="Mac OS X" />
    <property name="ant.home" value="/Users/lars/apps/ant" />
    <property name="sun.jnu.encoding" value="UTF-8" />
    <property name="java.library.path" value="/Users/lars/Library/Java/Extensions:/Library/Java/Extensions:/Network/Library/Java/Extensions:/System/Library/Java/Extensions:/usr/lib/java:." />
    <property name="java.specification.name" value="Java Platform API Specification" />
    <property name="java.class.version" value="52.0" />
    <property name="sun.management.compiler" value="HotSpot 64-Bit Tiered Compilers" />
    <property name="os.version" value="10.14.6" />
    <property name="ant.file" value="/Users/lars/workspaces/main/bosstest/build.xml" />
    <property name="http.nonProxyHosts" value="local|*.local|169.254/16|*.169.254/16" />
    <property name="user.home" value="/Users/lars" />
    <property name="user.timezone" value="" />
    <property name="java.awt.printerjob" value="sun.lwawt.macosx.CPrinterJob" />
    <property name="java.specification.version" value="1.8" />
    <property name="file.encoding" value="UTF-8" />
    <property name="java.class.path" value="/Users/lars/apps/ant/lib/ant-launcher.jar:/Users/lars/.ant/lib/ecs-1.4.1.jar:/Users/lars/.ant/lib/bsm-5.9.20n.jar:/Users/lars/.ant/lib/objenesis-1.0.jar:/Users/lars/.ant/lib/commons-logging-1.1.1.jar:/Users/lars/.ant/lib/jmock-legacy-2.5.1.jar:/Users/lars/.ant/lib/junit-4.11.jar:/Users/lars/.ant/lib/jmock-2.5.1.jar:/Users/lars/.ant/lib/guava-18.0.jar:/Users/lars/.ant/lib/log4j-1.2.15.jar:/Users/lars/.ant/lib/jmock-core-1.2.0.jar:/Users/lars/.ant/lib/groovy-2.5.4.jar:/Users/lars/.ant/lib/deps-0.7.0.jar:/Users/lars/.ant/lib/ant-jsch-1.9.6.jar:/Users/lars/.ant/lib/htmlparser-1.6.jar:/Users/lars/.ant/lib/commons-pool-1.6.jar:/Users/lars/.ant/lib/commons-digester-1.3.jar:/Users/lars/.ant/lib/velocity-1.4.jar:/Users/lars/.ant/lib/lucene-core-2.1.0.jar:/Users/lars/.ant/lib/hamcrest-library-1.1.jar:/Users/lars/.ant/lib/mysql-connector-java-5.1.42-bin.jar:/Users/lars/.ant/lib/cglib-nodep-2.1_3.jar:/Users/lars/.ant/lib/commons-collections-3.2.2.jar:/Users/lars/.ant/lib/hamcrest-core-1.1.jar:/Users/lars/.ant/lib/picocontainer-1.0.jar:/Users/lars/.ant/lib/commons-beanutils-1.8.3.jar:/Users/lars/.ant/lib/bsmmodel-1.37.jar:/Users/lars/.ant/lib/jmodel-0.7.jar:/Users/lars/.ant/lib/xalan-serializer-2.7.1.jar:/Users/lars/.ant/lib/bsm-5.9.22n.jar:/Users/lars/.ant/lib/groovy-ant-2.5.4.jar:/Users/lars/.ant/lib/jsch-0.1.53.jar:/Users/lars/.ant/lib/commons-lang-2.0.jar:/Users/lars/apps/ant/lib/ant-commons-net.jar:/Users/lars/apps/ant/lib/ant-xz.jar:/Users/lars/apps/ant/lib/ant-junit4.jar:/Users/lars/apps/ant/lib/ant-jai.jar:/Users/lars/apps/ant/lib/ant-apache-resolver.jar:/Users/lars/apps/ant/lib/ant-jdepend.jar:/Users/lars/apps/ant/lib/ant-apache-regexp.jar:/Users/lars/apps/ant/lib/ant-apache-log4j.jar:/Users/lars/apps/ant/lib/ant-javamail.jar:/Users/lars/apps/ant/lib/ant-apache-bcel.jar:/Users/lars/apps/ant/lib/ant.jar:/Users/lars/apps/ant/lib/ant-netrexx.jar:/Users/lars/apps/ant/lib/ant-swing.jar:/Users/lars/apps/ant/lib/ant-jsch.jar:/Users/lars/apps/ant/lib/ant-junitlauncher.jar:/Users/lars/apps/ant/lib/ant-junit.jar:/Users/lars/apps/ant/lib/ant-imageio.jar:/Users/lars/apps/ant/lib/ant-launcher.jar:/Users/lars/apps/ant/lib/ant-antlr.jar:/Users/lars/apps/ant/lib/ant-testutil.jar:/Users/lars/apps/ant/lib/ant-apache-oro.jar:/Users/lars/apps/ant/lib/ant-jmf.jar:/Users/lars/apps/ant/lib/ant-apache-xalan2.jar:/Users/lars/apps/ant/lib/ant-apache-bsf.jar:/Users/lars/apps/ant/lib/ant-commons-logging.jar:/Users/lars/apps/jdk/oracle/jdk1.8.0_192.jdk/Contents/Home/lib/tools.jar" />
    <property name="user.name" value="lars" />
    <property name="java.vm.specification.version" value="1.8" />
    <property name="sun.java.command" value="org.apache.tools.ant.launch.Launcher -cp  clean test" />
    <property name="sun.arch.data.model" value="64" />
    <property name="java.home" value="/Users/lars/apps/jdk/oracle/jdk1.8.0_192.jdk/Contents/Home/jre" />
    <property name="java.specification.vendor" value="Oracle Corporation" />
    <property name="user.language" value="de" />
    <property name="awt.toolkit" value="sun.lwawt.macosx.LWCToolkit" />
    <property name="java.vm.info" value="mixed mode" />
    <property name="java.version" value="1.8.0_192" />
    <property name="java.ext.dirs" value="/Users/lars/Library/Java/Extensions:/Users/lars/apps/jdk/oracle/jdk1.8.0_192.jdk/Contents/Home/jre/lib/ext:/Library/Java/Extensions:/Network/Library/Java/Extensions:/System/Library/Java/Extensions:/usr/lib/java" />
    <property name="sun.boot.class.path" value="/Users/lars/apps/jdk/oracle/jdk1.8.0_192.jdk/Contents/Home/jre/lib/resources.jar:/Users/lars/apps/jdk/oracle/jdk1.8.0_192.jdk/Contents/Home/jre/lib/rt.jar:/Users/lars/apps/jdk/oracle/jdk1.8.0_192.jdk/Contents/Home/jre/lib/sunrsasign.jar:/Users/lars/apps/jdk/oracle/jdk1.8.0_192.jdk/Contents/Home/jre/lib/jsse.jar:/Users/lars/apps/jdk/oracle/jdk1.8.0_192.jdk/Contents/Home/jre/lib/jce.jar:/Users/lars/apps/jdk/oracle/jdk1.8.0_192.jdk/Contents/Home/jre/lib/charsets.jar:/Users/lars/apps/jdk/oracle/jdk1.8.0_192.jdk/Contents/Home/jre/lib/jfr.jar:/Users/lars/apps/jdk/oracle/jdk1.8.0_192.jdk/Contents/Home/jre/classes" />
    <property name="java.vendor" value="Oracle Corporation" />
    <property name="file.separator" value="/" />
    <property name="java.vendor.url.bug" value="http://bugreport.sun.com/bugreport/" />
    <property name="sun.cpu.endian" value="little" />
    <property name="sun.io.unicode.encoding" value="UnicodeBig" />
    <property name="ant.file.type" value="file" />
    <property name="socksNonProxyHosts" value="local|*.local|169.254/16|*.169.254/16" />
    <property name="ftp.nonProxyHosts" value="local|*.local|169.254/16|*.169.254/16" />
    <property name="sun.cpu.isalist" value="" />
  </properties>
  <testcase classname="de.lamosoft.bosstest.FunctionCallsTest" name="testSomeSimpleCalls" time="0.004">
    <failure message="First test fails" type="junit.framework.AssertionFailedError">junit.framework.AssertionFailedError: First test fails
	at de.lamosoft.bosstest.FunctionCallsTest.testSomeSimpleCalls(FunctionCallsTest.java:14)
</failure>
  </testcase>
  <system-out><![CDATA[]]></system-out>
  <system-err><![CDATA[]]></system-err>
</testsuite>
